<?xml version="1.0" encoding="UTF-8"?>
<!-- Generated by org.testng.reporters.JUnitReportReporter -->
<testsuite hostname="DESKTOP-TO96LKD" failures="0" tests="1" name="SumValidation" time="1.000" errors="0" timestamp="2022-02-02T09:10:29 AEDT" skipped="0">
  <testcase classname="SumValidation" name="sumOfCourses" time="1.000"/>
  <system-out/>
</testsuite> <!-- SumValidation -->
